ARM GAS  /tmp/ccc7FxnC.s 			page 1


   1              		.cpu cortex-m4
   2              		.eabi_attribute 27, 1
   3              		.eabi_attribute 28, 1
   4              		.eabi_attribute 20, 1
   5              		.eabi_attribute 21, 1
   6              		.eabi_attribute 23, 3
   7              		.eabi_attribute 24, 1
   8              		.eabi_attribute 25, 1
   9              		.eabi_attribute 26, 1
  10              		.eabi_attribute 30, 1
  11              		.eabi_attribute 34, 1
  12              		.eabi_attribute 18, 4
  13              		.file	"stm32l4xx_hal_msp.c"
  14              		.text
  15              	.Ltext0:
  16              		.cfi_sections	.debug_frame
  17              		.section	.text.HAL_MspInit,"ax",%progbits
  18              		.align	1
  19              		.global	HAL_MspInit
  20              		.arch armv7e-m
  21              		.syntax unified
  22              		.thumb
  23              		.thumb_func
  24              		.fpu fpv4-sp-d16
  26              	HAL_MspInit:
  27              	.LFB132:
  28              		.file 1 "Src/stm32l4xx_hal_msp.c"
   1:Src/stm32l4xx_hal_msp.c **** /* USER CODE BEGIN Header */
   2:Src/stm32l4xx_hal_msp.c **** /**
   3:Src/stm32l4xx_hal_msp.c ****   ******************************************************************************
   4:Src/stm32l4xx_hal_msp.c ****   * @file         stm32l4xx_hal_msp.c
   5:Src/stm32l4xx_hal_msp.c ****   * @brief        This file provides code for the MSP Initialization
   6:Src/stm32l4xx_hal_msp.c ****   *               and de-Initialization codes.
   7:Src/stm32l4xx_hal_msp.c ****   ******************************************************************************
   8:Src/stm32l4xx_hal_msp.c ****   * @attention
   9:Src/stm32l4xx_hal_msp.c ****   *
  10:Src/stm32l4xx_hal_msp.c ****   * <h2><center>&copy; Copyright (c) 2021 STMicroelectronics.
  11:Src/stm32l4xx_hal_msp.c ****   * All rights reserved.</center></h2>
  12:Src/stm32l4xx_hal_msp.c ****   *
  13:Src/stm32l4xx_hal_msp.c ****   * This software component is licensed by ST under BSD 3-Clause license,
  14:Src/stm32l4xx_hal_msp.c ****   * the "License"; You may not use this file except in compliance with the
  15:Src/stm32l4xx_hal_msp.c ****   * License. You may obtain a copy of the License at:
  16:Src/stm32l4xx_hal_msp.c ****   *                        opensource.org/licenses/BSD-3-Clause
  17:Src/stm32l4xx_hal_msp.c ****   *
  18:Src/stm32l4xx_hal_msp.c ****   ******************************************************************************
  19:Src/stm32l4xx_hal_msp.c ****   */
  20:Src/stm32l4xx_hal_msp.c **** /* USER CODE END Header */
  21:Src/stm32l4xx_hal_msp.c **** 
  22:Src/stm32l4xx_hal_msp.c **** /* Includes ------------------------------------------------------------------*/
  23:Src/stm32l4xx_hal_msp.c **** #include "main.h"
  24:Src/stm32l4xx_hal_msp.c **** /* USER CODE BEGIN Includes */
  25:Src/stm32l4xx_hal_msp.c **** 
  26:Src/stm32l4xx_hal_msp.c **** /* USER CODE END Includes */
  27:Src/stm32l4xx_hal_msp.c **** 
  28:Src/stm32l4xx_hal_msp.c **** /* Private typedef -----------------------------------------------------------*/
  29:Src/stm32l4xx_hal_msp.c **** /* USER CODE BEGIN TD */
  30:Src/stm32l4xx_hal_msp.c **** 
ARM GAS  /tmp/ccc7FxnC.s 			page 2


  31:Src/stm32l4xx_hal_msp.c **** /* USER CODE END TD */
  32:Src/stm32l4xx_hal_msp.c **** 
  33:Src/stm32l4xx_hal_msp.c **** /* Private define ------------------------------------------------------------*/
  34:Src/stm32l4xx_hal_msp.c **** /* USER CODE BEGIN Define */
  35:Src/stm32l4xx_hal_msp.c **** 
  36:Src/stm32l4xx_hal_msp.c **** /* USER CODE END Define */
  37:Src/stm32l4xx_hal_msp.c **** 
  38:Src/stm32l4xx_hal_msp.c **** /* Private macro -------------------------------------------------------------*/
  39:Src/stm32l4xx_hal_msp.c **** /* USER CODE BEGIN Macro */
  40:Src/stm32l4xx_hal_msp.c **** 
  41:Src/stm32l4xx_hal_msp.c **** /* USER CODE END Macro */
  42:Src/stm32l4xx_hal_msp.c **** 
  43:Src/stm32l4xx_hal_msp.c **** /* Private variables ---------------------------------------------------------*/
  44:Src/stm32l4xx_hal_msp.c **** /* USER CODE BEGIN PV */
  45:Src/stm32l4xx_hal_msp.c **** 
  46:Src/stm32l4xx_hal_msp.c **** /* USER CODE END PV */
  47:Src/stm32l4xx_hal_msp.c **** 
  48:Src/stm32l4xx_hal_msp.c **** /* Private function prototypes -----------------------------------------------*/
  49:Src/stm32l4xx_hal_msp.c **** /* USER CODE BEGIN PFP */
  50:Src/stm32l4xx_hal_msp.c **** 
  51:Src/stm32l4xx_hal_msp.c **** /* USER CODE END PFP */
  52:Src/stm32l4xx_hal_msp.c **** 
  53:Src/stm32l4xx_hal_msp.c **** /* External functions --------------------------------------------------------*/
  54:Src/stm32l4xx_hal_msp.c **** /* USER CODE BEGIN ExternalFunctions */
  55:Src/stm32l4xx_hal_msp.c **** 
  56:Src/stm32l4xx_hal_msp.c **** /* USER CODE END ExternalFunctions */
  57:Src/stm32l4xx_hal_msp.c **** 
  58:Src/stm32l4xx_hal_msp.c **** /* USER CODE BEGIN 0 */
  59:Src/stm32l4xx_hal_msp.c **** 
  60:Src/stm32l4xx_hal_msp.c **** /* USER CODE END 0 */
  61:Src/stm32l4xx_hal_msp.c **** /**
  62:Src/stm32l4xx_hal_msp.c ****   * Initializes the Global MSP.
  63:Src/stm32l4xx_hal_msp.c ****   */
  64:Src/stm32l4xx_hal_msp.c **** void HAL_MspInit(void)
  65:Src/stm32l4xx_hal_msp.c **** {
  29              		.loc 1 65 1 view -0
  30              		.cfi_startproc
  31              		@ args = 0, pretend = 0, frame = 8
  32              		@ frame_needed = 0, uses_anonymous_args = 0
  33              		@ link register save eliminated.
  34 0000 82B0     		sub	sp, sp, #8
  35              	.LCFI0:
  36              		.cfi_def_cfa_offset 8
  66:Src/stm32l4xx_hal_msp.c ****   /* USER CODE BEGIN MspInit 0 */
  67:Src/stm32l4xx_hal_msp.c **** 
  68:Src/stm32l4xx_hal_msp.c ****   /* USER CODE END MspInit 0 */
  69:Src/stm32l4xx_hal_msp.c **** 
  70:Src/stm32l4xx_hal_msp.c ****   __HAL_RCC_SYSCFG_CLK_ENABLE();
  37              		.loc 1 70 3 view .LVU1
  38              	.LBB2:
  39              		.loc 1 70 3 view .LVU2
  40              		.loc 1 70 3 view .LVU3
  41 0002 0A4B     		ldr	r3, .L3
  42 0004 1A6E     		ldr	r2, [r3, #96]
  43 0006 42F00102 		orr	r2, r2, #1
  44 000a 1A66     		str	r2, [r3, #96]
  45              		.loc 1 70 3 view .LVU4
ARM GAS  /tmp/ccc7FxnC.s 			page 3


  46 000c 1A6E     		ldr	r2, [r3, #96]
  47 000e 02F00102 		and	r2, r2, #1
  48 0012 0092     		str	r2, [sp]
  49              		.loc 1 70 3 view .LVU5
  50 0014 009A     		ldr	r2, [sp]
  51              	.LBE2:
  52              		.loc 1 70 3 view .LVU6
  71:Src/stm32l4xx_hal_msp.c ****   __HAL_RCC_PWR_CLK_ENABLE();
  53              		.loc 1 71 3 view .LVU7
  54              	.LBB3:
  55              		.loc 1 71 3 view .LVU8
  56              		.loc 1 71 3 view .LVU9
  57 0016 9A6D     		ldr	r2, [r3, #88]
  58 0018 42F08052 		orr	r2, r2, #268435456
  59 001c 9A65     		str	r2, [r3, #88]
  60              		.loc 1 71 3 view .LVU10
  61 001e 9B6D     		ldr	r3, [r3, #88]
  62 0020 03F08053 		and	r3, r3, #268435456
  63 0024 0193     		str	r3, [sp, #4]
  64              		.loc 1 71 3 view .LVU11
  65 0026 019B     		ldr	r3, [sp, #4]
  66              	.LBE3:
  67              		.loc 1 71 3 view .LVU12
  72:Src/stm32l4xx_hal_msp.c **** 
  73:Src/stm32l4xx_hal_msp.c ****   /* System interrupt init*/
  74:Src/stm32l4xx_hal_msp.c **** 
  75:Src/stm32l4xx_hal_msp.c ****   /* USER CODE BEGIN MspInit 1 */
  76:Src/stm32l4xx_hal_msp.c **** 
  77:Src/stm32l4xx_hal_msp.c ****   /* USER CODE END MspInit 1 */
  78:Src/stm32l4xx_hal_msp.c **** }
  68              		.loc 1 78 1 is_stmt 0 view .LVU13
  69 0028 02B0     		add	sp, sp, #8
  70              	.LCFI1:
  71              		.cfi_def_cfa_offset 0
  72              		@ sp needed
  73 002a 7047     		bx	lr
  74              	.L4:
  75              		.align	2
  76              	.L3:
  77 002c 00100240 		.word	1073876992
  78              		.cfi_endproc
  79              	.LFE132:
  81              		.section	.text.HAL_UART_MspInit,"ax",%progbits
  82              		.align	1
  83              		.global	HAL_UART_MspInit
  84              		.syntax unified
  85              		.thumb
  86              		.thumb_func
  87              		.fpu fpv4-sp-d16
  89              	HAL_UART_MspInit:
  90              	.LVL0:
  91              	.LFB133:
  79:Src/stm32l4xx_hal_msp.c **** 
  80:Src/stm32l4xx_hal_msp.c **** /**
  81:Src/stm32l4xx_hal_msp.c **** * @brief UART MSP Initialization
  82:Src/stm32l4xx_hal_msp.c **** * This function configures the hardware resources used in this example
  83:Src/stm32l4xx_hal_msp.c **** * @param huart: UART handle pointer
ARM GAS  /tmp/ccc7FxnC.s 			page 4


  84:Src/stm32l4xx_hal_msp.c **** * @retval None
  85:Src/stm32l4xx_hal_msp.c **** */
  86:Src/stm32l4xx_hal_msp.c **** void HAL_UART_MspInit(UART_HandleTypeDef* huart)
  87:Src/stm32l4xx_hal_msp.c **** {
  92              		.loc 1 87 1 is_stmt 1 view -0
  93              		.cfi_startproc
  94              		@ args = 0, pretend = 0, frame = 112
  95              		@ frame_needed = 0, uses_anonymous_args = 0
  96              		.loc 1 87 1 is_stmt 0 view .LVU15
  97 0000 70B5     		push	{r4, r5, r6, lr}
  98              	.LCFI2:
  99              		.cfi_def_cfa_offset 16
 100              		.cfi_offset 4, -16
 101              		.cfi_offset 5, -12
 102              		.cfi_offset 6, -8
 103              		.cfi_offset 14, -4
 104 0002 9CB0     		sub	sp, sp, #112
 105              	.LCFI3:
 106              		.cfi_def_cfa_offset 128
 107 0004 0446     		mov	r4, r0
  88:Src/stm32l4xx_hal_msp.c ****   GPIO_InitTypeDef GPIO_InitStruct = {0};
 108              		.loc 1 88 3 is_stmt 1 view .LVU16
 109              		.loc 1 88 20 is_stmt 0 view .LVU17
 110 0006 0021     		movs	r1, #0
 111 0008 1791     		str	r1, [sp, #92]
 112 000a 1891     		str	r1, [sp, #96]
 113 000c 1991     		str	r1, [sp, #100]
 114 000e 1A91     		str	r1, [sp, #104]
 115 0010 1B91     		str	r1, [sp, #108]
  89:Src/stm32l4xx_hal_msp.c ****   RCC_PeriphCLKInitTypeDef PeriphClkInit = {0};
 116              		.loc 1 89 3 is_stmt 1 view .LVU18
 117              		.loc 1 89 28 is_stmt 0 view .LVU19
 118 0012 5422     		movs	r2, #84
 119 0014 02A8     		add	r0, sp, #8
 120              	.LVL1:
 121              		.loc 1 89 28 view .LVU20
 122 0016 FFF7FEFF 		bl	memset
 123              	.LVL2:
  90:Src/stm32l4xx_hal_msp.c ****   if(huart->Instance==USART2)
 124              		.loc 1 90 3 is_stmt 1 view .LVU21
 125              		.loc 1 90 11 is_stmt 0 view .LVU22
 126 001a 2268     		ldr	r2, [r4]
 127              		.loc 1 90 5 view .LVU23
 128 001c 1E4B     		ldr	r3, .L11
 129 001e 9A42     		cmp	r2, r3
 130 0020 01D0     		beq	.L9
 131              	.LVL3:
 132              	.L5:
  91:Src/stm32l4xx_hal_msp.c ****   {
  92:Src/stm32l4xx_hal_msp.c ****   /* USER CODE BEGIN USART2_MspInit 0 */
  93:Src/stm32l4xx_hal_msp.c **** 
  94:Src/stm32l4xx_hal_msp.c ****   /* USER CODE END USART2_MspInit 0 */
  95:Src/stm32l4xx_hal_msp.c ****   /** Initializes the peripherals clock
  96:Src/stm32l4xx_hal_msp.c ****   */
  97:Src/stm32l4xx_hal_msp.c ****     PeriphClkInit.PeriphClockSelection = RCC_PERIPHCLK_USART2;
  98:Src/stm32l4xx_hal_msp.c ****     PeriphClkInit.Usart2ClockSelection = RCC_USART2CLKSOURCE_PCLK1;
  99:Src/stm32l4xx_hal_msp.c ****     if (HAL_RCCEx_PeriphCLKConfig(&PeriphClkInit) != HAL_OK)
ARM GAS  /tmp/ccc7FxnC.s 			page 5


 100:Src/stm32l4xx_hal_msp.c ****     {
 101:Src/stm32l4xx_hal_msp.c ****       Error_Handler();
 102:Src/stm32l4xx_hal_msp.c ****     }
 103:Src/stm32l4xx_hal_msp.c **** 
 104:Src/stm32l4xx_hal_msp.c ****     /* Peripheral clock enable */
 105:Src/stm32l4xx_hal_msp.c ****     __HAL_RCC_USART2_CLK_ENABLE();
 106:Src/stm32l4xx_hal_msp.c **** 
 107:Src/stm32l4xx_hal_msp.c ****     __HAL_RCC_GPIOA_CLK_ENABLE();
 108:Src/stm32l4xx_hal_msp.c ****     /**USART2 GPIO Configuration
 109:Src/stm32l4xx_hal_msp.c ****     PA2     ------> USART2_TX
 110:Src/stm32l4xx_hal_msp.c ****     PA15 (JTDI)     ------> USART2_RX
 111:Src/stm32l4xx_hal_msp.c ****     */
 112:Src/stm32l4xx_hal_msp.c ****     GPIO_InitStruct.Pin = VCP_TX_Pin;
 113:Src/stm32l4xx_hal_msp.c ****     GPIO_InitStruct.Mode = GPIO_MODE_AF_PP;
 114:Src/stm32l4xx_hal_msp.c ****     GPIO_InitStruct.Pull = GPIO_NOPULL;
 115:Src/stm32l4xx_hal_msp.c ****     GPIO_InitStruct.Speed = GPIO_SPEED_FREQ_VERY_HIGH;
 116:Src/stm32l4xx_hal_msp.c ****     GPIO_InitStruct.Alternate = GPIO_AF7_USART2;
 117:Src/stm32l4xx_hal_msp.c ****     HAL_GPIO_Init(VCP_TX_GPIO_Port, &GPIO_InitStruct);
 118:Src/stm32l4xx_hal_msp.c **** 
 119:Src/stm32l4xx_hal_msp.c ****     GPIO_InitStruct.Pin = VCP_RX_Pin;
 120:Src/stm32l4xx_hal_msp.c ****     GPIO_InitStruct.Mode = GPIO_MODE_AF_PP;
 121:Src/stm32l4xx_hal_msp.c ****     GPIO_InitStruct.Pull = GPIO_NOPULL;
 122:Src/stm32l4xx_hal_msp.c ****     GPIO_InitStruct.Speed = GPIO_SPEED_FREQ_VERY_HIGH;
 123:Src/stm32l4xx_hal_msp.c ****     GPIO_InitStruct.Alternate = GPIO_AF3_USART2;
 124:Src/stm32l4xx_hal_msp.c ****     HAL_GPIO_Init(VCP_RX_GPIO_Port, &GPIO_InitStruct);
 125:Src/stm32l4xx_hal_msp.c **** 
 126:Src/stm32l4xx_hal_msp.c ****   /* USER CODE BEGIN USART2_MspInit 1 */
 127:Src/stm32l4xx_hal_msp.c **** 
 128:Src/stm32l4xx_hal_msp.c ****   /* USER CODE END USART2_MspInit 1 */
 129:Src/stm32l4xx_hal_msp.c ****   }
 130:Src/stm32l4xx_hal_msp.c **** 
 131:Src/stm32l4xx_hal_msp.c **** }
 133              		.loc 1 131 1 view .LVU24
 134 0022 1CB0     		add	sp, sp, #112
 135              	.LCFI4:
 136              		.cfi_remember_state
 137              		.cfi_def_cfa_offset 16
 138              		@ sp needed
 139 0024 70BD     		pop	{r4, r5, r6, pc}
 140              	.LVL4:
 141              	.L9:
 142              	.LCFI5:
 143              		.cfi_restore_state
  97:Src/stm32l4xx_hal_msp.c ****     PeriphClkInit.Usart2ClockSelection = RCC_USART2CLKSOURCE_PCLK1;
 144              		.loc 1 97 5 is_stmt 1 view .LVU25
  97:Src/stm32l4xx_hal_msp.c ****     PeriphClkInit.Usart2ClockSelection = RCC_USART2CLKSOURCE_PCLK1;
 145              		.loc 1 97 40 is_stmt 0 view .LVU26
 146 0026 0223     		movs	r3, #2
 147 0028 0293     		str	r3, [sp, #8]
  98:Src/stm32l4xx_hal_msp.c ****     if (HAL_RCCEx_PeriphCLKConfig(&PeriphClkInit) != HAL_OK)
 148              		.loc 1 98 5 is_stmt 1 view .LVU27
  99:Src/stm32l4xx_hal_msp.c ****     {
 149              		.loc 1 99 5 view .LVU28
  99:Src/stm32l4xx_hal_msp.c ****     {
 150              		.loc 1 99 9 is_stmt 0 view .LVU29
 151 002a 02A8     		add	r0, sp, #8
 152 002c FFF7FEFF 		bl	HAL_RCCEx_PeriphCLKConfig
ARM GAS  /tmp/ccc7FxnC.s 			page 6


 153              	.LVL5:
  99:Src/stm32l4xx_hal_msp.c ****     {
 154              		.loc 1 99 8 view .LVU30
 155 0030 0028     		cmp	r0, #0
 156 0032 2ED1     		bne	.L10
 157              	.L7:
 105:Src/stm32l4xx_hal_msp.c **** 
 158              		.loc 1 105 5 is_stmt 1 view .LVU31
 159              	.LBB4:
 105:Src/stm32l4xx_hal_msp.c **** 
 160              		.loc 1 105 5 view .LVU32
 105:Src/stm32l4xx_hal_msp.c **** 
 161              		.loc 1 105 5 view .LVU33
 162 0034 194B     		ldr	r3, .L11+4
 163 0036 9A6D     		ldr	r2, [r3, #88]
 164 0038 42F40032 		orr	r2, r2, #131072
 165 003c 9A65     		str	r2, [r3, #88]
 105:Src/stm32l4xx_hal_msp.c **** 
 166              		.loc 1 105 5 view .LVU34
 167 003e 9A6D     		ldr	r2, [r3, #88]
 168 0040 02F40032 		and	r2, r2, #131072
 169 0044 0092     		str	r2, [sp]
 105:Src/stm32l4xx_hal_msp.c **** 
 170              		.loc 1 105 5 view .LVU35
 171 0046 009A     		ldr	r2, [sp]
 172              	.LBE4:
 105:Src/stm32l4xx_hal_msp.c **** 
 173              		.loc 1 105 5 view .LVU36
 107:Src/stm32l4xx_hal_msp.c ****     /**USART2 GPIO Configuration
 174              		.loc 1 107 5 view .LVU37
 175              	.LBB5:
 107:Src/stm32l4xx_hal_msp.c ****     /**USART2 GPIO Configuration
 176              		.loc 1 107 5 view .LVU38
 107:Src/stm32l4xx_hal_msp.c ****     /**USART2 GPIO Configuration
 177              		.loc 1 107 5 view .LVU39
 178 0048 DA6C     		ldr	r2, [r3, #76]
 179 004a 42F00102 		orr	r2, r2, #1
 180 004e DA64     		str	r2, [r3, #76]
 107:Src/stm32l4xx_hal_msp.c ****     /**USART2 GPIO Configuration
 181              		.loc 1 107 5 view .LVU40
 182 0050 DB6C     		ldr	r3, [r3, #76]
 183 0052 03F00103 		and	r3, r3, #1
 184 0056 0193     		str	r3, [sp, #4]
 107:Src/stm32l4xx_hal_msp.c ****     /**USART2 GPIO Configuration
 185              		.loc 1 107 5 view .LVU41
 186 0058 019B     		ldr	r3, [sp, #4]
 187              	.LBE5:
 107:Src/stm32l4xx_hal_msp.c ****     /**USART2 GPIO Configuration
 188              		.loc 1 107 5 view .LVU42
 112:Src/stm32l4xx_hal_msp.c ****     GPIO_InitStruct.Mode = GPIO_MODE_AF_PP;
 189              		.loc 1 112 5 view .LVU43
 112:Src/stm32l4xx_hal_msp.c ****     GPIO_InitStruct.Mode = GPIO_MODE_AF_PP;
 190              		.loc 1 112 25 is_stmt 0 view .LVU44
 191 005a 0423     		movs	r3, #4
 192 005c 1793     		str	r3, [sp, #92]
 113:Src/stm32l4xx_hal_msp.c ****     GPIO_InitStruct.Pull = GPIO_NOPULL;
 193              		.loc 1 113 5 is_stmt 1 view .LVU45
ARM GAS  /tmp/ccc7FxnC.s 			page 7


 113:Src/stm32l4xx_hal_msp.c ****     GPIO_InitStruct.Pull = GPIO_NOPULL;
 194              		.loc 1 113 26 is_stmt 0 view .LVU46
 195 005e 0226     		movs	r6, #2
 196 0060 1896     		str	r6, [sp, #96]
 114:Src/stm32l4xx_hal_msp.c ****     GPIO_InitStruct.Speed = GPIO_SPEED_FREQ_VERY_HIGH;
 197              		.loc 1 114 5 is_stmt 1 view .LVU47
 114:Src/stm32l4xx_hal_msp.c ****     GPIO_InitStruct.Speed = GPIO_SPEED_FREQ_VERY_HIGH;
 198              		.loc 1 114 26 is_stmt 0 view .LVU48
 199 0062 0025     		movs	r5, #0
 200 0064 1995     		str	r5, [sp, #100]
 115:Src/stm32l4xx_hal_msp.c ****     GPIO_InitStruct.Alternate = GPIO_AF7_USART2;
 201              		.loc 1 115 5 is_stmt 1 view .LVU49
 115:Src/stm32l4xx_hal_msp.c ****     GPIO_InitStruct.Alternate = GPIO_AF7_USART2;
 202              		.loc 1 115 27 is_stmt 0 view .LVU50
 203 0066 0324     		movs	r4, #3
 204              	.LVL6:
 115:Src/stm32l4xx_hal_msp.c ****     GPIO_InitStruct.Alternate = GPIO_AF7_USART2;
 205              		.loc 1 115 27 view .LVU51
 206 0068 1A94     		str	r4, [sp, #104]
 116:Src/stm32l4xx_hal_msp.c ****     HAL_GPIO_Init(VCP_TX_GPIO_Port, &GPIO_InitStruct);
 207              		.loc 1 116 5 is_stmt 1 view .LVU52
 116:Src/stm32l4xx_hal_msp.c ****     HAL_GPIO_Init(VCP_TX_GPIO_Port, &GPIO_InitStruct);
 208              		.loc 1 116 31 is_stmt 0 view .LVU53
 209 006a 0723     		movs	r3, #7
 210 006c 1B93     		str	r3, [sp, #108]
 117:Src/stm32l4xx_hal_msp.c **** 
 211              		.loc 1 117 5 is_stmt 1 view .LVU54
 212 006e 17A9     		add	r1, sp, #92
 213 0070 4FF09040 		mov	r0, #1207959552
 214 0074 FFF7FEFF 		bl	HAL_GPIO_Init
 215              	.LVL7:
 119:Src/stm32l4xx_hal_msp.c ****     GPIO_InitStruct.Mode = GPIO_MODE_AF_PP;
 216              		.loc 1 119 5 view .LVU55
 119:Src/stm32l4xx_hal_msp.c ****     GPIO_InitStruct.Mode = GPIO_MODE_AF_PP;
 217              		.loc 1 119 25 is_stmt 0 view .LVU56
 218 0078 4FF40043 		mov	r3, #32768
 219 007c 1793     		str	r3, [sp, #92]
 120:Src/stm32l4xx_hal_msp.c ****     GPIO_InitStruct.Pull = GPIO_NOPULL;
 220              		.loc 1 120 5 is_stmt 1 view .LVU57
 120:Src/stm32l4xx_hal_msp.c ****     GPIO_InitStruct.Pull = GPIO_NOPULL;
 221              		.loc 1 120 26 is_stmt 0 view .LVU58
 222 007e 1896     		str	r6, [sp, #96]
 121:Src/stm32l4xx_hal_msp.c ****     GPIO_InitStruct.Speed = GPIO_SPEED_FREQ_VERY_HIGH;
 223              		.loc 1 121 5 is_stmt 1 view .LVU59
 121:Src/stm32l4xx_hal_msp.c ****     GPIO_InitStruct.Speed = GPIO_SPEED_FREQ_VERY_HIGH;
 224              		.loc 1 121 26 is_stmt 0 view .LVU60
 225 0080 1995     		str	r5, [sp, #100]
 122:Src/stm32l4xx_hal_msp.c ****     GPIO_InitStruct.Alternate = GPIO_AF3_USART2;
 226              		.loc 1 122 5 is_stmt 1 view .LVU61
 122:Src/stm32l4xx_hal_msp.c ****     GPIO_InitStruct.Alternate = GPIO_AF3_USART2;
 227              		.loc 1 122 27 is_stmt 0 view .LVU62
 228 0082 1A94     		str	r4, [sp, #104]
 123:Src/stm32l4xx_hal_msp.c ****     HAL_GPIO_Init(VCP_RX_GPIO_Port, &GPIO_InitStruct);
 229              		.loc 1 123 5 is_stmt 1 view .LVU63
 123:Src/stm32l4xx_hal_msp.c ****     HAL_GPIO_Init(VCP_RX_GPIO_Port, &GPIO_InitStruct);
 230              		.loc 1 123 31 is_stmt 0 view .LVU64
 231 0084 1B94     		str	r4, [sp, #108]
ARM GAS  /tmp/ccc7FxnC.s 			page 8


 124:Src/stm32l4xx_hal_msp.c **** 
 232              		.loc 1 124 5 is_stmt 1 view .LVU65
 233 0086 17A9     		add	r1, sp, #92
 234 0088 4FF09040 		mov	r0, #1207959552
 235 008c FFF7FEFF 		bl	HAL_GPIO_Init
 236              	.LVL8:
 237              		.loc 1 131 1 is_stmt 0 view .LVU66
 238 0090 C7E7     		b	.L5
 239              	.LVL9:
 240              	.L10:
 101:Src/stm32l4xx_hal_msp.c ****     }
 241              		.loc 1 101 7 is_stmt 1 view .LVU67
 242 0092 FFF7FEFF 		bl	Error_Handler
 243              	.LVL10:
 244 0096 CDE7     		b	.L7
 245              	.L12:
 246              		.align	2
 247              	.L11:
 248 0098 00440040 		.word	1073759232
 249 009c 00100240 		.word	1073876992
 250              		.cfi_endproc
 251              	.LFE133:
 253              		.section	.text.HAL_UART_MspDeInit,"ax",%progbits
 254              		.align	1
 255              		.global	HAL_UART_MspDeInit
 256              		.syntax unified
 257              		.thumb
 258              		.thumb_func
 259              		.fpu fpv4-sp-d16
 261              	HAL_UART_MspDeInit:
 262              	.LVL11:
 263              	.LFB134:
 132:Src/stm32l4xx_hal_msp.c **** 
 133:Src/stm32l4xx_hal_msp.c **** /**
 134:Src/stm32l4xx_hal_msp.c **** * @brief UART MSP De-Initialization
 135:Src/stm32l4xx_hal_msp.c **** * This function freeze the hardware resources used in this example
 136:Src/stm32l4xx_hal_msp.c **** * @param huart: UART handle pointer
 137:Src/stm32l4xx_hal_msp.c **** * @retval None
 138:Src/stm32l4xx_hal_msp.c **** */
 139:Src/stm32l4xx_hal_msp.c **** void HAL_UART_MspDeInit(UART_HandleTypeDef* huart)
 140:Src/stm32l4xx_hal_msp.c **** {
 264              		.loc 1 140 1 view -0
 265              		.cfi_startproc
 266              		@ args = 0, pretend = 0, frame = 0
 267              		@ frame_needed = 0, uses_anonymous_args = 0
 268              		.loc 1 140 1 is_stmt 0 view .LVU69
 269 0000 08B5     		push	{r3, lr}
 270              	.LCFI6:
 271              		.cfi_def_cfa_offset 8
 272              		.cfi_offset 3, -8
 273              		.cfi_offset 14, -4
 141:Src/stm32l4xx_hal_msp.c ****   if(huart->Instance==USART2)
 274              		.loc 1 141 3 is_stmt 1 view .LVU70
 275              		.loc 1 141 11 is_stmt 0 view .LVU71
 276 0002 0268     		ldr	r2, [r0]
 277              		.loc 1 141 5 view .LVU72
 278 0004 074B     		ldr	r3, .L17
ARM GAS  /tmp/ccc7FxnC.s 			page 9


 279 0006 9A42     		cmp	r2, r3
 280 0008 00D0     		beq	.L16
 281              	.LVL12:
 282              	.L13:
 142:Src/stm32l4xx_hal_msp.c ****   {
 143:Src/stm32l4xx_hal_msp.c ****   /* USER CODE BEGIN USART2_MspDeInit 0 */
 144:Src/stm32l4xx_hal_msp.c **** 
 145:Src/stm32l4xx_hal_msp.c ****   /* USER CODE END USART2_MspDeInit 0 */
 146:Src/stm32l4xx_hal_msp.c ****     /* Peripheral clock disable */
 147:Src/stm32l4xx_hal_msp.c ****     __HAL_RCC_USART2_CLK_DISABLE();
 148:Src/stm32l4xx_hal_msp.c **** 
 149:Src/stm32l4xx_hal_msp.c ****     /**USART2 GPIO Configuration
 150:Src/stm32l4xx_hal_msp.c ****     PA2     ------> USART2_TX
 151:Src/stm32l4xx_hal_msp.c ****     PA15 (JTDI)     ------> USART2_RX
 152:Src/stm32l4xx_hal_msp.c ****     */
 153:Src/stm32l4xx_hal_msp.c ****     HAL_GPIO_DeInit(GPIOA, VCP_TX_Pin|VCP_RX_Pin);
 154:Src/stm32l4xx_hal_msp.c **** 
 155:Src/stm32l4xx_hal_msp.c ****   /* USER CODE BEGIN USART2_MspDeInit 1 */
 156:Src/stm32l4xx_hal_msp.c **** 
 157:Src/stm32l4xx_hal_msp.c ****   /* USER CODE END USART2_MspDeInit 1 */
 158:Src/stm32l4xx_hal_msp.c ****   }
 159:Src/stm32l4xx_hal_msp.c **** 
 160:Src/stm32l4xx_hal_msp.c **** }
 283              		.loc 1 160 1 view .LVU73
 284 000a 08BD     		pop	{r3, pc}
 285              	.LVL13:
 286              	.L16:
 147:Src/stm32l4xx_hal_msp.c **** 
 287              		.loc 1 147 5 is_stmt 1 view .LVU74
 288 000c 064A     		ldr	r2, .L17+4
 289 000e 936D     		ldr	r3, [r2, #88]
 290 0010 23F40033 		bic	r3, r3, #131072
 291 0014 9365     		str	r3, [r2, #88]
 153:Src/stm32l4xx_hal_msp.c **** 
 292              		.loc 1 153 5 view .LVU75
 293 0016 48F20401 		movw	r1, #32772
 294 001a 4FF09040 		mov	r0, #1207959552
 295              	.LVL14:
 153:Src/stm32l4xx_hal_msp.c **** 
 296              		.loc 1 153 5 is_stmt 0 view .LVU76
 297 001e FFF7FEFF 		bl	HAL_GPIO_DeInit
 298              	.LVL15:
 299              		.loc 1 160 1 view .LVU77
 300 0022 F2E7     		b	.L13
 301              	.L18:
 302              		.align	2
 303              	.L17:
 304 0024 00440040 		.word	1073759232
 305 0028 00100240 		.word	1073876992
 306              		.cfi_endproc
 307              	.LFE134:
 309              		.text
 310              	.Letext0:
 311              		.file 2 "/opt/gcc-arm-none-eabi-10-2020-q4-major/arm-none-eabi/include/machine/_default_types.h"
 312              		.file 3 "/opt/gcc-arm-none-eabi-10-2020-q4-major/arm-none-eabi/include/sys/_stdint.h"
 313              		.file 4 "Drivers/CMSIS/Device/ST/STM32L4xx/Include/stm32l432xx.h"
 314              		.file 5 "Drivers/STM32L4xx_HAL_Driver/Inc/stm32l4xx_hal_def.h"
ARM GAS  /tmp/ccc7FxnC.s 			page 10


 315              		.file 6 "Drivers/STM32L4xx_HAL_Driver/Inc/stm32l4xx_hal_rcc_ex.h"
 316              		.file 7 "Drivers/STM32L4xx_HAL_Driver/Inc/stm32l4xx_hal_gpio.h"
 317              		.file 8 "Drivers/STM32L4xx_HAL_Driver/Inc/stm32l4xx_hal_dma.h"
 318              		.file 9 "Drivers/STM32L4xx_HAL_Driver/Inc/stm32l4xx_hal_uart.h"
 319              		.file 10 "Inc/main.h"
 320              		.file 11 "<built-in>"
ARM GAS  /tmp/ccc7FxnC.s 			page 11


DEFINED SYMBOLS
                            *ABS*:0000000000000000 stm32l4xx_hal_msp.c
     /tmp/ccc7FxnC.s:18     .text.HAL_MspInit:0000000000000000 $t
     /tmp/ccc7FxnC.s:26     .text.HAL_MspInit:0000000000000000 HAL_MspInit
     /tmp/ccc7FxnC.s:77     .text.HAL_MspInit:000000000000002c $d
     /tmp/ccc7FxnC.s:82     .text.HAL_UART_MspInit:0000000000000000 $t
     /tmp/ccc7FxnC.s:89     .text.HAL_UART_MspInit:0000000000000000 HAL_UART_MspInit
     /tmp/ccc7FxnC.s:248    .text.HAL_UART_MspInit:0000000000000098 $d
     /tmp/ccc7FxnC.s:254    .text.HAL_UART_MspDeInit:0000000000000000 $t
     /tmp/ccc7FxnC.s:261    .text.HAL_UART_MspDeInit:0000000000000000 HAL_UART_MspDeInit
     /tmp/ccc7FxnC.s:304    .text.HAL_UART_MspDeInit:0000000000000024 $d

UNDEFINED SYMBOLS
memset
HAL_RCCEx_PeriphCLKConfig
HAL_GPIO_Init
Error_Handler
HAL_GPIO_DeInit
